[31m[ERROR] - hello error[39m
[31m[ERROR] - hello error[39m
[31m[ERROR] - hello error[39m
[31m[ERROR] - hello error[39m
[31m[ERROR] - hello error[39m
[31m[ERROR] - hello error[39m
[31m[ERROR] - hello error[39m
[31m[ERROR] - hello error[39m
[31m[ERROR] - hello error[39m
[31m[ERROR] - hello error[39m
[31m2022-08-12T07:54:50.937Z [ERROR] - hello error[39m
[31m2022-08-12 10:55:32:5532 [ERROR] - hello error[39m
[31m2022-08-12 10:55:41 [ERROR] - hello error[39m
[31m2022-08-12 10:55:51 [ERROR] - hello error[39m
[31m2022-08-12 10:56:09:569 [ERROR] - hello error[39m
[31m2022-08-12 10:56:24:(5624) [ERROR] - hello error[39m
[31m2022-08-12 10:56:32:5632 [ERROR] - hello error[39m
[31m[ERROR] - hello error[39m
[31m[ERROR] - hello error[39m
[31m[ERROR] - hello error[39m
[31m[ERROR] - hello error[39m
[31m[ERROR] - hello error[39m
[31m[ERROR] - hello error[39m
[31m[ERROR] - hello error[39m
[31m[ERROR] - hello error[39m
[31m2022-08-12 10:59:13:5913 [ERROR] - hello error[39m
[31m2022-08-12 10:59:19:5919 [ERROR] - hello error[39m
[31m[ERROR] - hello error[39m
[31m[ERROR] - hello error[39m
[31m[ERROR] - hello error[39m
[31m[ERROR] - hello error[39m
[31m[ERROR] - hello error[39m
[31m[ERROR] - hello error[39m
[31m[ERROR] - hello error[39m
[31m[ERROR] - hello error[39m
